'Open5GS in Clair' 'CWE-311': '1'
'Open5GS in Clair' 'CWE-78': '3'
'Open5GS in Clair' 'CWE-601': '2'
'Open5GS in Clair' 'CWE-19': '1'
'Open5GS in Clair' 'CWE-305': '3'
'Open5GS in Clair' 'CWE-354': '4'
'Open5GS in Clair' 'CWE-330': '2'
'Open5GS in Clair' 'CWE-674': '7'
'Open5GS in Clair' 'CWE-74': '5'
'Open5GS in Clair' 'CWE-189': '2'
'Open5GS in Clair' 'CWE-59': '4'
'Open5GS in Clair' 'CWE-209': '2'
'Open5GS in Clair' 'CWE-134': '2'
'Open5GS in Clair' 'CWE-843': '3'
'Open5GS in Clair' 'CWE-300': '1'
'Open5GS in Clair' 'CWE-833': '4'
'Open5GS in Clair' 'CWE-834': '1'
'Open5GS in Clair' 'CWE-460': '1'
'Open5GS in Clair' 'CWE-319': '9'
'Open5GS in Clair' 'CWE-617': '4'
'Open5GS in Clair' 'CWE-668': '3'
'Open5GS in Clair' 'CWE-413': '1'
'Open5GS in Clair' 'CWE-686': '1'
'Open5GS in Clair' 'CWE-402': '1'
'Open5GS in Clair' 'CWE-476': '73'
'Open5GS in Clair' 'CWE-457': '3'
'Open5GS in Clair' 'CWE-400': '29'
'Open5GS in Clair' 'CWE-667': '8'
'Open5GS in Clair' 'CWE-776': '1'
'Open5GS in Clair' 'CWE-787': '78'
'Open5GS in Clair' 'CWE-121': '2'
'Open5GS in Clair' 'CWE-440': '1'
'Open5GS in Clair' 'CWE-208': '1'
'Open5GS in Clair' 'CWE-405': '1'
'Open5GS in Clair' 'CWE-407': '1'
'Open5GS in Clair' 'CWE-327': '2'
'Open5GS in Clair' 'CWE-680': '1'
'Open5GS in Clair' 'CWE-416': '116'
'Open5GS in Clair' 'CWE-20': '13'
'Open5GS in Clair' 'CWE-754': '3'
'Open5GS in Clair' 'CWE-191': '2'
'Open5GS in Clair' 'CWE-404': '1'
'Open5GS in Clair' 'CWE-290': '2'
'Open5GS in Clair' 'CWE-120': '13'
'Open5GS in Clair' 'CWE-913': '1'
'Open5GS in Clair' 'CWE-250': '1'
'Open5GS in Clair' 'CWE-763': '3'
'Open5GS in Clair' 'CWE-824': '2'
'Open5GS in Clair' 'NVD-CWE-noinfo': '41'
'Open5GS in Clair' 'CWE-388': '1'
'Open5GS in Clair' 'CWE-672': '2'
'Open5GS in Clair' 'CWE-502': '1'
'Open5GS in Clair' 'CWE-347': '4'
'Open5GS in Clair' 'CWE-303': '1'
'Open5GS in Clair' 'CWE-295': '8'
'Open5GS in Clair' 'CWE-22': '7'
'Open5GS in Clair' 'CWE-284': '2'
'Open5GS in Clair' 'CWE-212': '1'
'Open5GS in Clair' 'CWE-75': '1'
'Open5GS in Clair' 'CWE-362': '55'
'Open5GS in Clair' 'CWE-908': '3'
'Open5GS in Clair' 'CWE-203': '14'
'Open5GS in Clair' 'CWE-401': '15'
'Open5GS in Clair' 'CWE-326': '1'
'Open5GS in Clair' 'CWE-131': '2'
'Open5GS in Clair' 'CWE-665': '4'
'Open5GS in Clair' 'CWE-835': '9'
'Open5GS in Clair' 'CWE-190': '30'
'Open5GS in Clair' 'NVD-CWE-Other': '18'
'Open5GS in Clair' 'CWE-755': '2'
'Open5GS in Clair' 'CWE-611': '1'
'Open5GS in Clair' 'CWE-415': '2'
'Open5GS in Clair' 'CWE-229': '1'
'Open5GS in Clair' 'CWE-863': '3'
'Open5GS in Clair' 'CWE-732': '1'
'Open5GS in Clair' 'CWE-1342': '2'
'Open5GS in Clair' 'CWE-281': '2'
'Open5GS in Clair' 'CWE-693': '2'
'Open5GS in Clair' 'CWE-16': '1'
'Open5GS in Clair' 'CWE-271': '1'
'Open5GS in Clair' 'CWE-119': '30'
'Open5GS in Clair' 'CWE-125': '55'
'Open5GS in Clair' 'CWE-122': '10'
'Open5GS in Clair' 'CWE-772': '6'
'Open5GS in Clair' 'CWE-770': '10'
'Open5GS in Clair' 'CWE-399': '5'
'Open5GS in Clair' 'CWE-681': '1'
'Open5GS in Clair' 'CWE-129': '2'
'Open5GS in Clair' 'CWE-522': '1'
'Open5GS in Clair' 'CWE-704': '2'
'Open5GS in Clair' 'CWE-264': '3'
'Open5GS in Clair' 'CWE-79': '2'
'Open5GS in Clair' 'CWE-287': '6'
'Open5GS in Clair' 'CWE-840': '1'
'Open5GS in Clair' 'CWE-838': '1'
'Open5GS in Clair' 'CWE-193': '1'
'Open5GS in Clair' 'CWE-248': '1'
'Open5GS in Clair' 'CWE-428': '1'
'Open5GS in Clair' 'CWE-367': '3'
'Open5GS in Clair' 'CWE-252': '3'
'Open5GS in Clair' 'CWE-1333': '1'
'Open5GS in Clair' 'CWE-77': '1'
'Open5GS in Clair' 'CWE-200': '24'
'Open5GS in Clair' 'CWE-310': '2'
'Open5GS in Clair' 'CWE-89': '2'
'Open5GS in Clair' 'CWE-369': '15'
========================================================================
'Open5GS in Trivy' 'CWE-311': '4'
'Open5GS in Trivy' 'CWE-78': '15'
'Open5GS in Trivy' 'CWE-19': '4'
'Open5GS in Trivy' 'CWE-601': '10'
'Open5GS in Trivy' 'CWE-305': '12'
'Open5GS in Trivy' 'CWE-354': '7'
'Open5GS in Trivy' 'CWE-330': '6'
'Open5GS in Trivy' 'CWE-88': '1'
'Open5GS in Trivy' 'CWE-1286': '1'
'Open5GS in Trivy' 'CWE-134': '4'
'Open5GS in Trivy' 'CWE-674': '139'
'Open5GS in Trivy' 'CWE-74': '22'
'Open5GS in Trivy' 'CWE-59': '18'
'Open5GS in Trivy' 'CWE-209': '20'
'Open5GS in Trivy' 'CWE-189': '4'
'Open5GS in Trivy' 'CWE-300': '11'
'Open5GS in Trivy' 'CWE-843': '5'
'Open5GS in Trivy' 'CWE-833': '7'
'Open5GS in Trivy' 'CWE-834': '3'
'Open5GS in Trivy' 'CWE-460': '4'
'Open5GS in Trivy' 'CWE-319': '36'
'Open5GS in Trivy' 'CWE-617': '12'
'Open5GS in Trivy' 'CWE-918': '2'
'Open5GS in Trivy' 'CWE-668': '22'
'Open5GS in Trivy' 'CWE-686': '2'
'Open5GS in Trivy' 'CWE-413': '1'
'Open5GS in Trivy' 'CWE-402': '1'
'Open5GS in Trivy' 'CWE-476': '156'
'Open5GS in Trivy' 'CWE-457': '18'
'Open5GS in Trivy' 'CWE-400': '121'
'Open5GS in Trivy' 'CWE-667': '17'
'Open5GS in Trivy' 'CWE-27': '1'
'Open5GS in Trivy' 'CWE-776': '2'
'Open5GS in Trivy' 'CWE-787': '328'
'Open5GS in Trivy' 'CWE-121': '5'
'Open5GS in Trivy' 'CWE-440': '1'
'Open5GS in Trivy' 'CWE-208': '7'
'Open5GS in Trivy' 'CWE-405': '4'
'Open5GS in Trivy' 'CWE-407': '4'
'Open5GS in Trivy' 'CWE-327': '5'
'Open5GS in Trivy' 'CWE-680': '3'
'Open5GS in Trivy' 'CWE-416': '267'
'Open5GS in Trivy' 'CWE-20': '107'
'Open5GS in Trivy' 'CWE-754': '5'
'Open5GS in Trivy' 'CWE-191': '5'
'Open5GS in Trivy' 'CWE-404': '3'
'Open5GS in Trivy' 'CWE-290': '4'
'Open5GS in Trivy' 'CWE-120': '36'
'Open5GS in Trivy' 'CWE-913': '1'
'Open5GS in Trivy' 'CWE-250': '1'
'Open5GS in Trivy' 'CWE-763': '9'
'Open5GS in Trivy' 'CWE-824': '12'
'Open5GS in Trivy' 'NVD-CWE-noinfo': '144'
'Open5GS in Trivy' 'CWE-388': '1'
'Open5GS in Trivy' 'CWE-672': '2'
'Open5GS in Trivy' 'CWE-502': '5'
'Open5GS in Trivy' 'CWE-347': '9'
'Open5GS in Trivy' 'CWE-303': '2'
'Open5GS in Trivy' 'CWE-295': '26'
'Open5GS in Trivy' 'CWE-22': '26'
'Open5GS in Trivy' 'CWE-284': '5'
'Open5GS in Trivy' 'CWE-212': '13'
'Open5GS in Trivy' 'CWE-75': '4'
'Open5GS in Trivy' 'CWE-362': '123'
'Open5GS in Trivy' 'CWE-908': '18'
'Open5GS in Trivy' 'CWE-203': '29'
'Open5GS in Trivy' 'CWE-401': '68'
'Open5GS in Trivy' 'CWE-326': '1'
'Open5GS in Trivy' 'CWE-131': '2'
'Open5GS in Trivy' 'CWE-665': '9'
'Open5GS in Trivy' 'CWE-835': '29'
'Open5GS in Trivy' 'CWE-190': '165'
'Open5GS in Trivy' 'NVD-CWE-Other': '64'
'Open5GS in Trivy' 'CWE-755': '8'
'Open5GS in Trivy' 'CWE-611': '2'
'Open5GS in Trivy' 'CWE-415': '11'
'Open5GS in Trivy' 'CWE-229': '1'
'Open5GS in Trivy' 'CWE-863': '6'
'Open5GS in Trivy' 'CWE-732': '2'
'Open5GS in Trivy' 'CWE-352': '1'
'Open5GS in Trivy' 'CWE-1342': '2'
'Open5GS in Trivy' 'CWE-281': '2'
'Open5GS in Trivy' 'CWE-1321': '10'
'Open5GS in Trivy' 'CWE-693': '18'
'Open5GS in Trivy' 'CWE-16': '1'
'Open5GS in Trivy' 'CWE-271': '2'
'Open5GS in Trivy' 'CWE-119': '154'
'Open5GS in Trivy' 'CWE-294': '3'
'Open5GS in Trivy' 'CWE-459': '3'
'Open5GS in Trivy' 'CWE-125': '183'
'Open5GS in Trivy' 'CWE-122': '48'
'Open5GS in Trivy' 'CWE-772': '50'
'Open5GS in Trivy' 'CWE-770': '80'
'Open5GS in Trivy' 'CWE-399': '24'
'Open5GS in Trivy' 'CWE-681': '24'
'Open5GS in Trivy' 'CWE-129': '9'
'Open5GS in Trivy' 'CWE-522': '4'
'Open5GS in Trivy' 'CWE-704': '17'
'Open5GS in Trivy' 'CWE-79': '4'
'Open5GS in Trivy' 'CWE-264': '4'
'Open5GS in Trivy' 'CWE-287': '16'
'Open5GS in Trivy' 'CWE-840': '4'
'Open5GS in Trivy' 'CWE-838': '1'
'Open5GS in Trivy' 'CWE-193': '4'
'Open5GS in Trivy' 'CWE-248': '16'
'Open5GS in Trivy' 'CWE-428': '1'
'Open5GS in Trivy' 'CWE-367': '10'
'Open5GS in Trivy' 'CWE-252': '6'
'Open5GS in Trivy' 'CWE-1333': '15'
'Open5GS in Trivy' 'CWE-77': '4'
'Open5GS in Trivy' 'CWE-200': '77'
'Open5GS in Trivy' 'CWE-23': '1'
'Open5GS in Trivy' 'CWE-310': '8'
'Open5GS in Trivy' 'CWE-89': '4'
'Open5GS in Trivy' 'CWE-369': '117'
========================================================================
