'free5GC in Clair' 'CWE-287': '10'
'free5GC in Clair' 'CWE-1303': '1'
'free5GC in Clair' 'CWE-416': '245'
'free5GC in Clair' 'CWE-203': '45'
'free5GC in Clair' 'CWE-732': '5'
'free5GC in Clair' 'CWE-908': '3'
'free5GC in Clair' 'CWE-405': '1'
'free5GC in Clair' 'CWE-681': '1'
'free5GC in Clair' 'CWE-404': '5'
'free5GC in Clair' 'CWE-843': '12'
'free5GC in Clair' 'CWE-248': '5'
'free5GC in Clair' 'CWE-125': '104'
'free5GC in Clair' 'CWE-191': '6'
'free5GC in Clair' 'CWE-1342': '4'
'free5GC in Clair' 'CWE-281': '6'
'free5GC in Clair' 'CWE-457': '3'
'free5GC in Clair' 'CWE-19': '3'
'free5GC in Clair' 'CWE-402': '3'
'free5GC in Clair' 'CWE-791': '1'
'free5GC in Clair' 'CWE-59': '15'
'free5GC in Clair' 'CWE-20': '14'
'free5GC in Clair' 'CWE-347': '20'
'free5GC in Clair' 'CWE-303': '5'
'free5GC in Clair' 'CWE-190': '49'
'free5GC in Clair' 'CWE-601': '2'
'free5GC in Clair' 'CWE-427': '3'
'free5GC in Clair' 'CWE-913': '3'
'free5GC in Clair' 'CWE-863': '5'
'free5GC in Clair' 'CWE-250': '1'
'free5GC in Clair' 'CWE-835': '13'
'free5GC in Clair' 'CWE-436': '1'
'free5GC in Clair' 'CWE-369': '4'
'free5GC in Clair' 'CWE-407': '1'
'free5GC in Clair' 'CWE-200': '68'
'free5GC in Clair' 'CWE-401': '33'
'free5GC in Clair' 'CWE-399': '11'
'free5GC in Clair' 'CWE-208': '5'
'free5GC in Clair' 'CWE-367': '11'
'free5GC in Clair' 'CWE-415': '6'
'free5GC in Clair' 'CWE-330': '5'
'free5GC in Clair' 'CWE-122': '13'
'free5GC in Clair' 'CWE-121': '4'
'free5GC in Clair' 'CWE-704': '1'
'free5GC in Clair' 'CWE-254': '1'
'free5GC in Clair' 'CWE-1333': '3'
'free5GC in Clair' 'CWE-78': '2'
'free5GC in Clair' 'CWE-413': '1'
'free5GC in Clair' 'CWE-665': '6'
'free5GC in Clair' 'CWE-327': '11'
'free5GC in Clair' 'CWE-354': '16'
'free5GC in Clair' 'CWE-772': '9'
'free5GC in Clair' 'CWE-610': '2'
'free5GC in Clair' 'NVD-CWE-noinfo': '86'
'free5GC in Clair' 'CWE-252': '7'
'free5GC in Clair' 'CWE-75': '1'
'free5GC in Clair' 'CWE-126': '1'
'free5GC in Clair' 'CWE-1335': '1'
'free5GC in Clair' 'CWE-440': '3'
'free5GC in Clair' 'NVD-CWE-Other': '45'
'free5GC in Clair' 'CWE-460': '4'
'free5GC in Clair' 'CWE-611': '3'
'free5GC in Clair' 'CWE-362': '127'
'free5GC in Clair' 'CWE-77': '1'
'free5GC in Clair' 'CWE-667': '16'
'free5GC in Clair' 'CWE-428': '1'
'free5GC in Clair' 'CWE-400': '45'
'free5GC in Clair' 'CWE-834': '3'
'free5GC in Clair' 'CWE-770': '23'
'free5GC in Clair' 'CWE-754': '11'
'free5GC in Clair' 'CWE-840': '2'
'free5GC in Clair' 'CWE-209': '10'
'free5GC in Clair' 'CWE-120': '13'
'free5GC in Clair' 'CWE-22': '7'
'free5GC in Clair' 'CWE-617': '3'
'free5GC in Clair' 'CWE-229': '3'
'free5GC in Clair' 'CWE-305': '3'
'free5GC in Clair' 'CWE-131': '6'
'free5GC in Clair' 'CWE-290': '10'
'free5GC in Clair' 'CWE-824': '3'
'free5GC in Clair' 'CWE-129': '2'
'free5GC in Clair' 'CWE-522': '2'
'free5GC in Clair' 'CWE-909': '1'
'free5GC in Clair' 'CWE-388': '3'
'free5GC in Clair' 'CWE-833': '6'
'free5GC in Clair' 'CWE-776': '3'
'free5GC in Clair' 'CWE-476': '134'
'free5GC in Clair' 'CWE-838': '1'
'free5GC in Clair' 'CWE-282': '2'
'free5GC in Clair' 'CWE-682': '3'
'free5GC in Clair' 'CWE-755': '5'
'free5GC in Clair' 'CWE-295': '16'
'free5GC in Clair' 'CWE-1188': '2'
'free5GC in Clair' 'CWE-326': '5'
'free5GC in Clair' 'CWE-319': '18'
'free5GC in Clair' 'CWE-787': '119'
'free5GC in Clair' 'CWE-674': '19'
'free5GC in Clair' 'CWE-668': '5'
'free5GC in Clair' 'CWE-74': '9'
'free5GC in Clair' 'CWE-300': '5'
'free5GC in Clair' 'CWE-672': '6'
'free5GC in Clair' 'CWE-79': '2'
'free5GC in Clair' 'CWE-693': '6'
'free5GC in Clair' 'CWE-311': '2'
'free5GC in Clair' 'CWE-119': '61'
'free5GC in Clair' 'CWE-264': '9'
'free5GC in Clair' 'CWE-193': '4'
'free5GC in Clair' 'CWE-502': '1'
'free5GC in Clair' 'CWE-134': '2'
'free5GC in Clair' 'CWE-310': '6'
'free5GC in Clair' 'CWE-16': '3'
'free5GC in Clair' 'CWE-116': '2'
'free5GC in Clair' 'CWE-284': '4'
'free5GC in Clair' 'CWE-763': '6'
========================================================================
'free5GC in Trivy' 'CWE-287': '15'
'free5GC in Trivy' 'CWE-1303': '1'
'free5GC in Trivy' 'CWE-416': '298'
'free5GC in Trivy' 'CWE-203': '42'
'free5GC in Trivy' 'CWE-732': '10'
'free5GC in Trivy' 'CWE-908': '18'
'free5GC in Trivy' 'CWE-405': '4'
'free5GC in Trivy' 'CWE-681': '6'
'free5GC in Trivy' 'CWE-404': '5'
'free5GC in Trivy' 'CWE-843': '13'
'free5GC in Trivy' 'CWE-248': '5'
'free5GC in Trivy' 'CWE-125': '144'
'free5GC in Trivy' 'CWE-191': '6'
'free5GC in Trivy' 'CWE-1342': '4'
'free5GC in Trivy' 'CWE-281': '6'
'free5GC in Trivy' 'CWE-457': '18'
'free5GC in Trivy' 'CWE-19': '3'
'free5GC in Trivy' 'CWE-402': '3'
'free5GC in Trivy' 'CWE-791': '1'
'free5GC in Trivy' 'CWE-59': '36'
'free5GC in Trivy' 'CWE-20': '23'
'free5GC in Trivy' 'CWE-347': '29'
'free5GC in Trivy' 'CWE-303': '10'
'free5GC in Trivy' 'CWE-190': '91'
'free5GC in Trivy' 'CWE-601': '5'
'free5GC in Trivy' 'CWE-427': '6'
'free5GC in Trivy' 'CWE-913': '3'
'free5GC in Trivy' 'CWE-863': '5'
'free5GC in Trivy' 'CWE-250': '1'
'free5GC in Trivy' 'CWE-835': '19'
'free5GC in Trivy' 'CWE-436': '1'
'free5GC in Trivy' 'CWE-369': '4'
'free5GC in Trivy' 'CWE-407': '4'
'free5GC in Trivy' 'CWE-200': '86'
'free5GC in Trivy' 'CWE-401': '70'
'free5GC in Trivy' 'CWE-399': '24'
'free5GC in Trivy' 'CWE-208': '5'
'free5GC in Trivy' 'CWE-367': '16'
'free5GC in Trivy' 'CWE-415': '7'
'free5GC in Trivy' 'CWE-330': '18'
'free5GC in Trivy' 'CWE-122': '19'
'free5GC in Trivy' 'CWE-121': '4'
'free5GC in Trivy' 'CWE-704': '4'
'free5GC in Trivy' 'CWE-494': '1'
'free5GC in Trivy' 'CWE-254': '1'
'free5GC in Trivy' 'CWE-1333': '2'
'free5GC in Trivy' 'CWE-78': '2'
'free5GC in Trivy' 'CWE-413': '1'
'free5GC in Trivy' 'CWE-665': '6'
'free5GC in Trivy' 'CWE-327': '13'
'free5GC in Trivy' 'CWE-354': '32'
'free5GC in Trivy' 'CWE-772': '9'
'free5GC in Trivy' 'CWE-610': '2'
'free5GC in Trivy' 'NVD-CWE-noinfo': '158'
'free5GC in Trivy' 'CWE-75': '1'
'free5GC in Trivy' 'CWE-252': '10'
'free5GC in Trivy' 'CWE-126': '1'
'free5GC in Trivy' 'CWE-440': '3'
'free5GC in Trivy' 'CWE-1335': '1'
'free5GC in Trivy' 'NVD-CWE-Other': '77'
'free5GC in Trivy' 'CWE-611': '3'
'free5GC in Trivy' 'CWE-460': '4'
'free5GC in Trivy' 'CWE-362': '133'
'free5GC in Trivy' 'CWE-77': '4'
'free5GC in Trivy' 'CWE-667': '16'
'free5GC in Trivy' 'CWE-428': '1'
'free5GC in Trivy' 'CWE-400': '63'
'free5GC in Trivy' 'CWE-834': '2'
'free5GC in Trivy' 'CWE-770': '40'
'free5GC in Trivy' 'CWE-754': '12'
'free5GC in Trivy' 'CWE-840': '3'
'free5GC in Trivy' 'CWE-209': '70'
'free5GC in Trivy' 'CWE-120': '13'
'free5GC in Trivy' 'CWE-22': '14'
'free5GC in Trivy' 'CWE-617': '8'
'free5GC in Trivy' 'CWE-229': '3'
'free5GC in Trivy' 'CWE-305': '3'
'free5GC in Trivy' 'CWE-131': '6'
'free5GC in Trivy' 'CWE-290': '20'
'free5GC in Trivy' 'CWE-824': '4'
'free5GC in Trivy' 'CWE-129': '2'
'free5GC in Trivy' 'CWE-522': '3'
'free5GC in Trivy' 'CWE-909': '1'
'free5GC in Trivy' 'CWE-388': '3'
'free5GC in Trivy' 'CWE-833': '6'
'free5GC in Trivy' 'CWE-776': '3'
'free5GC in Trivy' 'CWE-476': '144'
'free5GC in Trivy' 'CWE-282': '3'
'free5GC in Trivy' 'CWE-838': '1'
'free5GC in Trivy' 'CWE-682': '3'
'free5GC in Trivy' 'CWE-755': '6'
'free5GC in Trivy' 'CWE-295': '25'
'free5GC in Trivy' 'CWE-1188': '2'
'free5GC in Trivy' 'CWE-326': '5'
'free5GC in Trivy' 'CWE-319': '27'
'free5GC in Trivy' 'CWE-787': '192'
'free5GC in Trivy' 'CWE-674': '65'
'free5GC in Trivy' 'CWE-668': '6'
'free5GC in Trivy' 'CWE-74': '21'
'free5GC in Trivy' 'CWE-444': '1'
'free5GC in Trivy' 'CWE-300': '10'
'free5GC in Trivy' 'CWE-672': '6'
'free5GC in Trivy' 'CWE-693': '30'
'free5GC in Trivy' 'CWE-79': '3'
'free5GC in Trivy' 'CWE-311': '3'
'free5GC in Trivy' 'CWE-119': '99'
'free5GC in Trivy' 'CWE-193': '5'
'free5GC in Trivy' 'CWE-264': '14'
'free5GC in Trivy' 'CWE-134': '4'
'free5GC in Trivy' 'CWE-502': '2'
'free5GC in Trivy' 'CWE-310': '7'
'free5GC in Trivy' 'CWE-16': '3'
'free5GC in Trivy' 'CWE-116': '2'
'free5GC in Trivy' 'CWE-284': '4'
'free5GC in Trivy' 'CWE-763': '6'
========================================================================
